DEBUG   |190420 10:11:26|Fetching filter data from database
DEBUG   |190420 10:11:26|Loading filters
DEBUG   |190420 10:11:26|-- Loading filter Directories
DEBUG   |190420 10:11:26|-- Loading filter Extradirs
DEBUG   |190420 10:11:26|-- Loading filter Files
DEBUG   |190420 10:11:26|-- Loading filter Incremental
DEBUG   |190420 10:11:26|-- Loading filter Multidb
DEBUG   |190420 10:11:26|-- Loading filter Regexdirectories
DEBUG   |190420 10:11:26|-- Loading filter Regexfiles
DEBUG   |190420 10:11:26|-- Loading filter Regexskipdirs
DEBUG   |190420 10:11:26|-- Loading filter Regexskipfiles
DEBUG   |190420 10:11:26|-- Loading filter Regextabledata
DEBUG   |190420 10:11:26|-- Loading filter Regextables
DEBUG   |190420 10:11:26|-- Loading filter Skipdirs
DEBUG   |190420 10:11:26|-- Loading filter Skipfiles
DEBUG   |190420 10:11:26|-- Loading filter Tabledata
DEBUG   |190420 10:11:26|-- Loading filter Tables
DEBUG   |190420 10:11:26|-- Loading filter Cvsfolders
DEBUG   |190420 10:11:26|-- Loading filter Excludefiles
DEBUG   |190420 10:11:26|-- Loading filter Excludefolders
DEBUG   |190420 10:11:26|-- Loading filter Excludetabledata
DEBUG   |190420 10:11:26|-- Loading filter Joomlaskipdirs
DEBUG   |190420 10:11:26|-- Loading filter Joomlaskipfiles
DEBUG   |190420 10:11:26|-- Loading filter Libraries
DEBUG   |190420 10:11:26|-- Loading filter Sitedb
DEBUG   |190420 10:11:26|-- Loading filter Siteroot
DEBUG   |190420 10:11:26|-- Loading filter Systemcachefiles
DEBUG   |190420 10:11:26|Loading optional filters
DEBUG   |190420 10:11:26|-- Loading optional filter Stack\StackErrorlogs
DEBUG   |190420 10:11:26|-- Loading optional filter Stack\StackHoststats
DEBUG   |190420 10:11:26|-- Loading optional filter Stack\StackActionlogs
DEBUG   |190420 10:11:26|-- Loading optional filter Stack\StackFinder
DEBUG   |190420 10:11:26|-- Loading optional filter Stack\StackMyjoomla
